21-04-14 10:32:54 LYriCs-Air.local INFO [onyx.static.logging-configuration:34] - Starting Logging Configuration
21-04-14 10:32:54 LYriCs-Air.local INFO [onyx.log.zookeeper:155] - Starting ZooKeeper server
21-04-14 10:32:57 LYriCs-Air.local INFO [onyx.static.logging-configuration:34] - Starting Logging Configuration
21-04-14 10:32:57 LYriCs-Air.local INFO [onyx.messaging.aeron.messaging-group:47] - Starting Aeron Peer Group
21-04-14 10:32:57 LYriCs-Air.local INFO [onyx.monitoring.metrics-monitoring:114] - Started Metrics Reporting to JMX.
21-04-14 10:32:57 LYriCs-Air.local WARN [onyx.peer.peer-group-manager:277] - Aeron media driver is healthy, thus starting all peers.
21-04-14 10:32:57 LYriCs-Air.local INFO [onyx.peer.peer-group-manager:57] - Peer Group Action:  :start-peer-group nil
21-04-14 10:32:57 LYriCs-Air.local INFO [onyx.peer.peer-group-manager:57] - Peer Group Action:  :start-communicator nil
21-04-14 10:32:57 LYriCs-Air.local INFO [onyx.log.zookeeper:155] - Starting ZooKeeper client connection. If Onyx hangs here it may indicate a difficulty connecting to ZooKeeper.
21-04-14 10:32:57 LYriCs-Air.local INFO [onyx.log.zookeeper:155] - Starting ZooKeeper client connection. If Onyx hangs here it may indicate a difficulty connecting to ZooKeeper.
21-04-14 10:32:58 LYriCs-Air.local INFO [onyx.peer.communicator:32] - Starting Log Writer
21-04-14 10:32:58 LYriCs-Air.local INFO [onyx.peer.communicator:65] - Starting Replica Subscription
21-04-14 10:32:58 LYriCs-Air.local INFO [onyx.static.logging-configuration:34] - Starting Logging Configuration
21-04-14 10:32:58 LYriCs-Air.local INFO [onyx.peer.peer-group-manager:57] - Peer Group Action: ff333eed-166d-14c2-d673-bbeaa431e0ad :send-to-outbox {:fn :prepare-join-cluster, :args {:joiner #uuid "ff333eed-166d-14c2-d673-bbeaa431e0ad"}}
21-04-14 10:32:58 LYriCs-Air.local INFO [onyx.peer.peer-group-manager:57] - Peer Group Action: ff333eed-166d-14c2-d673-bbeaa431e0ad :start-all-peers nil
21-04-14 10:32:58 LYriCs-Air.local INFO [onyx.peer.peer-group-manager:57] - Peer Group Action: ff333eed-166d-14c2-d673-bbeaa431e0ad :add-peer 80469ad6-bf74-fcde-0c57-35b4d9a4fe2b
21-04-14 10:32:58 LYriCs-Air.local INFO [onyx.peer.peer-group-manager:57] - Peer Group Action: ff333eed-166d-14c2-d673-bbeaa431e0ad :start-peer 80469ad6-bf74-fcde-0c57-35b4d9a4fe2b
21-04-14 10:32:58 LYriCs-Air.local INFO [onyx.peer.virtual-peer:17] - Starting Virtual Peer 8a16f6fe-e6ba-49a3-4e32-52437ad25aba
21-04-14 10:32:58 LYriCs-Air.local INFO [onyx.peer.peer-group-manager:57] - Peer Group Action: ff333eed-166d-14c2-d673-bbeaa431e0ad :add-peer 34bd8269-4c10-aa44-e60a-87fa8915456a
21-04-14 10:32:58 LYriCs-Air.local INFO [onyx.peer.peer-group-manager:57] - Peer Group Action: ff333eed-166d-14c2-d673-bbeaa431e0ad :start-peer 34bd8269-4c10-aa44-e60a-87fa8915456a
21-04-14 10:32:58 LYriCs-Air.local INFO [onyx.peer.virtual-peer:17] - Starting Virtual Peer 5965509b-9824-e4f5-28f2-255da7f68e0a
21-04-14 10:32:58 LYriCs-Air.local INFO [onyx.peer.peer-group-manager:57] - Peer Group Action: ff333eed-166d-14c2-d673-bbeaa431e0ad :add-peer c4320042-1d27-064f-1d28-92978b373d2c
21-04-14 10:32:58 LYriCs-Air.local INFO [onyx.peer.peer-group-manager:57] - Peer Group Action: ff333eed-166d-14c2-d673-bbeaa431e0ad :start-peer c4320042-1d27-064f-1d28-92978b373d2c
21-04-14 10:32:58 LYriCs-Air.local INFO [onyx.peer.virtual-peer:17] - Starting Virtual Peer 9d5d08f4-53ab-8962-3306-775403f5ece1
21-04-14 10:32:58 LYriCs-Air.local INFO [onyx.peer.peer-group-manager:57] - Peer Group Action: ff333eed-166d-14c2-d673-bbeaa431e0ad :add-peer e86740b0-82ac-832c-eb81-404bb8d7418c
21-04-14 10:32:58 LYriCs-Air.local INFO [onyx.peer.peer-group-manager:57] - Peer Group Action: ff333eed-166d-14c2-d673-bbeaa431e0ad :start-peer e86740b0-82ac-832c-eb81-404bb8d7418c
21-04-14 10:32:58 LYriCs-Air.local INFO [onyx.peer.virtual-peer:17] - Starting Virtual Peer 51c770af-25e9-2bec-9426-5ce1dde909aa
21-04-14 10:32:59 LYriCs-Air.local INFO [onyx.log.zookeeper:192] - Stopping ZooKeeper client connection
21-04-14 10:32:59 LYriCs-Air.local INFO [onyx.log.zookeeper:155] - Starting ZooKeeper client connection. If Onyx hangs here it may indicate a difficulty connecting to ZooKeeper.
21-04-14 10:33:00 LYriCs-Air.local INFO [onyx.peer.task-lifecycle:1170] - Job 88307f72-11dd-161d-e4c4-a2fb15e42e20 {:job-id #uuid "88307f72-11dd-161d-e4c4-a2fb15e42e20", :job-hash "67ae1d3196b3d7ad874d9a253cdeb9d9533ffd417a3257b97a416061132f5"} - Task {:id :in, :name :in, :ingress-tasks #{}, :egress-tasks-batch-sizes {:split-sentence 10}, :egress-tasks #{:split-sentence}} - Peer 51c770af-25e9-2bec-9426-5ce1dde909aa - Compiling lifecycle
21-04-14 10:33:00 LYriCs-Air.local INFO [onyx.peer.task-lifecycle:1170] - Job 88307f72-11dd-161d-e4c4-a2fb15e42e20 {:job-id #uuid "88307f72-11dd-161d-e4c4-a2fb15e42e20", :job-hash "67ae1d3196b3d7ad874d9a253cdeb9d9533ffd417a3257b97a416061132f5"} - Task {:id :count-words, :name :count-words, :ingress-tasks #{:split-sentence}, :egress-tasks-batch-sizes {:out 10}, :egress-tasks #{:out}} - Peer 5965509b-9824-e4f5-28f2-255da7f68e0a - Compiling lifecycle
21-04-14 10:33:00 LYriCs-Air.local INFO [onyx.peer.task-lifecycle:1170] - Job 88307f72-11dd-161d-e4c4-a2fb15e42e20 {:job-id #uuid "88307f72-11dd-161d-e4c4-a2fb15e42e20", :job-hash "67ae1d3196b3d7ad874d9a253cdeb9d9533ffd417a3257b97a416061132f5"} - Task {:id :split-sentence, :name :split-sentence, :ingress-tasks #{:in}, :egress-tasks-batch-sizes {:count-words 1000}, :egress-tasks #{:count-words}} - Peer 9d5d08f4-53ab-8962-3306-775403f5ece1 - Compiling lifecycle
21-04-14 10:33:00 LYriCs-Air.local INFO [onyx.peer.task-lifecycle:1170] - Job 88307f72-11dd-161d-e4c4-a2fb15e42e20 {:job-id #uuid "88307f72-11dd-161d-e4c4-a2fb15e42e20", :job-hash "67ae1d3196b3d7ad874d9a253cdeb9d9533ffd417a3257b97a416061132f5"} - Task {:id :out, :name :out, :ingress-tasks #{:count-words}, :egress-tasks-batch-sizes {}, :egress-tasks #{}} - Peer 8a16f6fe-e6ba-49a3-4e32-52437ad25aba - Compiling lifecycle
21-04-14 10:33:00 LYriCs-Air.local INFO [onyx.peer.task-lifecycle:1241] - Job 88307f72-11dd-161d-e4c4-a2fb15e42e20 {:job-id #uuid "88307f72-11dd-161d-e4c4-a2fb15e42e20", :job-hash "67ae1d3196b3d7ad874d9a253cdeb9d9533ffd417a3257b97a416061132f5"} - Task {:id :split-sentence, :name :split-sentence, :ingress-tasks #{:in}, :egress-tasks-batch-sizes {:count-words 1000}, :egress-tasks #{:count-words}} - Peer 9d5d08f4-53ab-8962-3306-775403f5ece1 - Warming up task lifecycle {:id :split-sentence, :name :split-sentence, :ingress-tasks #{:in}, :egress-tasks-batch-sizes {:count-words 1000}, :egress-tasks #{:count-words}}
21-04-14 10:33:00 LYriCs-Air.local INFO [onyx.peer.task-lifecycle:1241] - Job 88307f72-11dd-161d-e4c4-a2fb15e42e20 {:job-id #uuid "88307f72-11dd-161d-e4c4-a2fb15e42e20", :job-hash "67ae1d3196b3d7ad874d9a253cdeb9d9533ffd417a3257b97a416061132f5"} - Task {:id :count-words, :name :count-words, :ingress-tasks #{:split-sentence}, :egress-tasks-batch-sizes {:out 10}, :egress-tasks #{:out}} - Peer 5965509b-9824-e4f5-28f2-255da7f68e0a - Warming up task lifecycle {:id :count-words, :name :count-words, :ingress-tasks #{:split-sentence}, :egress-tasks-batch-sizes {:out 10}, :egress-tasks #{:out}}
21-04-14 10:33:00 LYriCs-Air.local INFO [onyx.peer.task-lifecycle:73] - Job 88307f72-11dd-161d-e4c4-a2fb15e42e20 {:job-id #uuid "88307f72-11dd-161d-e4c4-a2fb15e42e20", :job-hash "67ae1d3196b3d7ad874d9a253cdeb9d9533ffd417a3257b97a416061132f5"} - Task {:id :count-words, :name :count-words, :ingress-tasks #{:split-sentence}, :egress-tasks-batch-sizes {:out 10}, :egress-tasks #{:out}} - Peer 5965509b-9824-e4f5-28f2-255da7f68e0a - Peer chose not to start the task yet. Backing off and retrying...
21-04-14 10:33:00 LYriCs-Air.local INFO [onyx.peer.task-lifecycle:73] - Job 88307f72-11dd-161d-e4c4-a2fb15e42e20 {:job-id #uuid "88307f72-11dd-161d-e4c4-a2fb15e42e20", :job-hash "67ae1d3196b3d7ad874d9a253cdeb9d9533ffd417a3257b97a416061132f5"} - Task {:id :split-sentence, :name :split-sentence, :ingress-tasks #{:in}, :egress-tasks-batch-sizes {:count-words 1000}, :egress-tasks #{:count-words}} - Peer 9d5d08f4-53ab-8962-3306-775403f5ece1 - Peer chose not to start the task yet. Backing off and retrying...
21-04-14 10:33:00 LYriCs-Air.local INFO [onyx.peer.task-lifecycle:1241] - Job 88307f72-11dd-161d-e4c4-a2fb15e42e20 {:job-id #uuid "88307f72-11dd-161d-e4c4-a2fb15e42e20", :job-hash "67ae1d3196b3d7ad874d9a253cdeb9d9533ffd417a3257b97a416061132f5"} - Task {:id :in, :name :in, :ingress-tasks #{}, :egress-tasks-batch-sizes {:split-sentence 10}, :egress-tasks #{:split-sentence}} - Peer 51c770af-25e9-2bec-9426-5ce1dde909aa - Warming up task lifecycle {:id :in, :name :in, :ingress-tasks #{}, :egress-tasks-batch-sizes {:split-sentence 10}, :egress-tasks #{:split-sentence}}
21-04-14 10:33:00 LYriCs-Air.local INFO [onyx.peer.task-lifecycle:1241] - Job 88307f72-11dd-161d-e4c4-a2fb15e42e20 {:job-id #uuid "88307f72-11dd-161d-e4c4-a2fb15e42e20", :job-hash "67ae1d3196b3d7ad874d9a253cdeb9d9533ffd417a3257b97a416061132f5"} - Task {:id :out, :name :out, :ingress-tasks #{:count-words}, :egress-tasks-batch-sizes {}, :egress-tasks #{}} - Peer 8a16f6fe-e6ba-49a3-4e32-52437ad25aba - Warming up task lifecycle {:id :out, :name :out, :ingress-tasks #{:count-words}, :egress-tasks-batch-sizes {}, :egress-tasks #{}}
21-04-14 10:33:00 LYriCs-Air.local INFO [onyx.peer.task-lifecycle:73] - Job 88307f72-11dd-161d-e4c4-a2fb15e42e20 {:job-id #uuid "88307f72-11dd-161d-e4c4-a2fb15e42e20", :job-hash "67ae1d3196b3d7ad874d9a253cdeb9d9533ffd417a3257b97a416061132f5"} - Task {:id :out, :name :out, :ingress-tasks #{:count-words}, :egress-tasks-batch-sizes {}, :egress-tasks #{}} - Peer 8a16f6fe-e6ba-49a3-4e32-52437ad25aba - Peer chose not to start the task yet. Backing off and retrying...
21-04-14 10:33:00 LYriCs-Air.local INFO [onyx.peer.task-lifecycle:73] - Job 88307f72-11dd-161d-e4c4-a2fb15e42e20 {:job-id #uuid "88307f72-11dd-161d-e4c4-a2fb15e42e20", :job-hash "67ae1d3196b3d7ad874d9a253cdeb9d9533ffd417a3257b97a416061132f5"} - Task {:id :in, :name :in, :ingress-tasks #{}, :egress-tasks-batch-sizes {:split-sentence 10}, :egress-tasks #{:split-sentence}} - Peer 51c770af-25e9-2bec-9426-5ce1dde909aa - Peer chose not to start the task yet. Backing off and retrying...
21-04-14 10:33:00 LYriCs-Air.local INFO [onyx.monitoring.metrics-monitoring:328] - Starting Task Metrics Reporter. Starting reporting to JMX.
21-04-14 10:33:00 LYriCs-Air.local INFO [onyx.monitoring.metrics-monitoring:328] - Starting Task Metrics Reporter. Starting reporting to JMX.
21-04-14 10:33:00 LYriCs-Air.local INFO [onyx.monitoring.metrics-monitoring:328] - Starting Task Metrics Reporter. Starting reporting to JMX.
21-04-14 10:33:00 LYriCs-Air.local INFO [onyx.monitoring.metrics-monitoring:328] - Starting Task Metrics Reporter. Starting reporting to JMX.
21-04-14 10:33:00 LYriCs-Air.local INFO [onyx.peer.task-lifecycle:1140] - Job 88307f72-11dd-161d-e4c4-a2fb15e42e20 {:job-id #uuid "88307f72-11dd-161d-e4c4-a2fb15e42e20", :job-hash "67ae1d3196b3d7ad874d9a253cdeb9d9533ffd417a3257b97a416061132f5"} - Task {:id :split-sentence, :name :split-sentence, :ingress-tasks #{:in}, :egress-tasks-batch-sizes {:count-words 1000}, :egress-tasks #{:count-words}} - Peer 9d5d08f4-53ab-8962-3306-775403f5ece1 - Starting task state machine: [[0 :lifecycle/poll-recover] [1 :lifecycle/offer-barriers] [2 :lifecycle/offer-barrier-status] [3 :lifecycle/unblock-subscribers] [4 :lifecycle/next-iteration] [5 :lifecycle/seal-barriers?] [6 :lifecycle/offer-barriers] [7 :lifecycle/offer-barrier-status] [8 :lifecycle/unblock-subscribers] [9 :lifecycle/read-batch] [10 :lifecycle/check-publisher-heartbeats] [11 :lifecycle/apply-fn] [12 :lifecycle/prepare-segments] [13 :lifecycle/prepare-batch] [14 :lifecycle/write-batch] [15 :lifecycle/offer-heartbeats]]
21-04-14 10:33:00 LYriCs-Air.local INFO [onyx.peer.task-lifecycle:1140] - Job 88307f72-11dd-161d-e4c4-a2fb15e42e20 {:job-id #uuid "88307f72-11dd-161d-e4c4-a2fb15e42e20", :job-hash "67ae1d3196b3d7ad874d9a253cdeb9d9533ffd417a3257b97a416061132f5"} - Task {:id :count-words, :name :count-words, :ingress-tasks #{:split-sentence}, :egress-tasks-batch-sizes {:out 10}, :egress-tasks #{:out}} - Peer 5965509b-9824-e4f5-28f2-255da7f68e0a - Starting task state machine: [[0 :lifecycle/poll-recover] [1 :lifecycle/offer-barriers] [2 :lifecycle/offer-barrier-status] [3 :lifecycle/recover-state] [4 :lifecycle/unblock-subscribers] [5 :lifecycle/next-iteration] [6 :lifecycle/seal-barriers?] [7 :lifecycle/checkpoint-state] [8 :lifecycle/offer-barriers] [9 :lifecycle/offer-barrier-status] [10 :lifecycle/unblock-subscribers] [11 :lifecycle/read-batch] [12 :lifecycle/check-publisher-heartbeats] [13 :lifecycle/apply-fn] [14 :lifecycle/assign-windows] [15 :lifecycle/prepare-segments] [16 :lifecycle/prepare-batch] [17 :lifecycle/write-batch] [18 :lifecycle/offer-heartbeats]]
21-04-14 10:33:00 LYriCs-Air.local INFO [onyx.peer.task-lifecycle:1140] - Job 88307f72-11dd-161d-e4c4-a2fb15e42e20 {:job-id #uuid "88307f72-11dd-161d-e4c4-a2fb15e42e20", :job-hash "67ae1d3196b3d7ad874d9a253cdeb9d9533ffd417a3257b97a416061132f5"} - Task {:id :out, :name :out, :ingress-tasks #{:count-words}, :egress-tasks-batch-sizes {}, :egress-tasks #{}} - Peer 8a16f6fe-e6ba-49a3-4e32-52437ad25aba - Starting task state machine: [[0 :lifecycle/poll-recover] [1 :lifecycle/offer-barrier-status] [2 :lifecycle/recover-output] [3 :lifecycle/unblock-subscribers] [4 :lifecycle/next-iteration] [5 :lifecycle/seal-barriers?] [6 :lifecycle/checkpoint-output] [7 :lifecycle/offer-barrier-status] [8 :lifecycle/unblock-subscribers] [9 :lifecycle/before-batch] [10 :lifecycle/read-batch] [11 :lifecycle/check-publisher-heartbeats] [12 :lifecycle/after-read-batch] [13 :lifecycle/apply-fn] [14 :lifecycle/after-apply-fn] [15 :lifecycle/prepare-segments] [16 :lifecycle/prepare-batch] [17 :lifecycle/write-batch] [18 :lifecycle/after-batch] [19 :lifecycle/offer-heartbeats]]
21-04-14 10:33:00 LYriCs-Air.local INFO [onyx.peer.task-lifecycle:1140] - Job 88307f72-11dd-161d-e4c4-a2fb15e42e20 {:job-id #uuid "88307f72-11dd-161d-e4c4-a2fb15e42e20", :job-hash "67ae1d3196b3d7ad874d9a253cdeb9d9533ffd417a3257b97a416061132f5"} - Task {:id :in, :name :in, :ingress-tasks #{}, :egress-tasks-batch-sizes {:split-sentence 10}, :egress-tasks #{:split-sentence}} - Peer 51c770af-25e9-2bec-9426-5ce1dde909aa - Starting task state machine: [[0 :lifecycle/poll-recover] [1 :lifecycle/offer-barriers] [2 :lifecycle/offer-barrier-status] [3 :lifecycle/recover-input] [4 :lifecycle/unblock-subscribers] [5 :lifecycle/next-iteration] [6 :lifecycle/input-poll-barriers] [7 :lifecycle/check-publisher-heartbeats] [8 :lifecycle/seal-barriers?] [9 :lifecycle/checkpoint-input] [10 :lifecycle/offer-barriers] [11 :lifecycle/offer-barrier-status] [12 :lifecycle/unblock-subscribers] [13 :lifecycle/before-batch] [14 :lifecycle/read-batch] [15 :lifecycle/after-read-batch] [16 :lifecycle/apply-fn] [17 :lifecycle/after-apply-fn] [18 :lifecycle/prepare-segments] [19 :lifecycle/prepare-batch] [20 :lifecycle/write-batch] [21 :lifecycle/after-batch] [22 :lifecycle/offer-heartbeats]]
21-04-14 10:33:00 LYriCs-Air.local INFO [onyx.peer.task-lifecycle:1264] - Job 88307f72-11dd-161d-e4c4-a2fb15e42e20 {:job-id #uuid "88307f72-11dd-161d-e4c4-a2fb15e42e20", :job-hash "67ae1d3196b3d7ad874d9a253cdeb9d9533ffd417a3257b97a416061132f5"} - Task {:id :split-sentence, :name :split-sentence, :ingress-tasks #{:in}, :egress-tasks-batch-sizes {:count-words 1000}, :egress-tasks #{:count-words}} - Peer 9d5d08f4-53ab-8962-3306-775403f5ece1 - Enough peers are active, starting the task
21-04-14 10:33:00 LYriCs-Air.local INFO [onyx.peer.task-lifecycle:1264] - Job 88307f72-11dd-161d-e4c4-a2fb15e42e20 {:job-id #uuid "88307f72-11dd-161d-e4c4-a2fb15e42e20", :job-hash "67ae1d3196b3d7ad874d9a253cdeb9d9533ffd417a3257b97a416061132f5"} - Task {:id :in, :name :in, :ingress-tasks #{}, :egress-tasks-batch-sizes {:split-sentence 10}, :egress-tasks #{:split-sentence}} - Peer 51c770af-25e9-2bec-9426-5ce1dde909aa - Enough peers are active, starting the task
21-04-14 10:33:00 LYriCs-Air.local INFO [onyx.peer.task-lifecycle:1264] - Job 88307f72-11dd-161d-e4c4-a2fb15e42e20 {:job-id #uuid "88307f72-11dd-161d-e4c4-a2fb15e42e20", :job-hash "67ae1d3196b3d7ad874d9a253cdeb9d9533ffd417a3257b97a416061132f5"} - Task {:id :out, :name :out, :ingress-tasks #{:count-words}, :egress-tasks-batch-sizes {}, :egress-tasks #{}} - Peer 8a16f6fe-e6ba-49a3-4e32-52437ad25aba - Enough peers are active, starting the task
21-04-14 10:33:00 LYriCs-Air.local INFO [onyx.peer.task-lifecycle:1264] - Job 88307f72-11dd-161d-e4c4-a2fb15e42e20 {:job-id #uuid "88307f72-11dd-161d-e4c4-a2fb15e42e20", :job-hash "67ae1d3196b3d7ad874d9a253cdeb9d9533ffd417a3257b97a416061132f5"} - Task {:id :count-words, :name :count-words, :ingress-tasks #{:split-sentence}, :egress-tasks-batch-sizes {:out 10}, :egress-tasks #{:out}} - Peer 5965509b-9824-e4f5-28f2-255da7f68e0a - Enough peers are active, starting the task
21-04-14 10:33:00 LYriCs-Air.local INFO [onyx.messaging.aeron.subscriber:129] - Created subscriber {:subscription {:slot-id -1, :registration-id 4, :site {:address "localhost", :port 40200}, :blocked? true, :images [], :sources [], :channel "aeron:udp?endpoint=localhost:40200|term-length=4194304", :rv nil, :e nil, :stream-id -1574021390, :closed? false, :channel-id "aeron:udp?endpoint=localhost:40200|term-length=4194304", :dst-task-id [#uuid "88307f72-11dd-161d-e4c4-a2fb15e42e20" :out]}, :status-pubs {}}
21-04-14 10:33:00 LYriCs-Air.local INFO [onyx.messaging.aeron.subscriber:129] - Created subscriber {:subscription {:slot-id 0, :registration-id 5, :site {:address "localhost", :port 40200}, :blocked? true, :images [], :sources [], :channel "aeron:udp?endpoint=localhost:40200|term-length=4194304", :rv nil, :e nil, :stream-id 325887104, :closed? false, :channel-id "aeron:udp?endpoint=localhost:40200|term-length=4194304", :dst-task-id [#uuid "88307f72-11dd-161d-e4c4-a2fb15e42e20" :count-words]}, :status-pubs {}}
21-04-14 10:33:00 LYriCs-Air.local INFO [onyx.messaging.aeron.subscriber:129] - Created subscriber {:subscription {:slot-id -1, :registration-id 6, :site {:address "localhost", :port 40200}, :blocked? true, :images [], :sources [], :channel "aeron:udp?endpoint=localhost:40200|term-length=4194304", :rv nil, :e nil, :stream-id 989705518, :closed? false, :channel-id "aeron:udp?endpoint=localhost:40200|term-length=4194304", :dst-task-id [#uuid "88307f72-11dd-161d-e4c4-a2fb15e42e20" :split-sentence]}, :status-pubs {}}
21-04-14 10:33:00 LYriCs-Air.local INFO [onyx.messaging.aeron.subscriber:129] - Created subscriber {:subscription {:slot-id -1, :registration-id 7, :site {:address "localhost", :port 40200}, :blocked? true, :images [], :sources [], :channel "aeron:udp?endpoint=localhost:40200|term-length=4194304", :rv nil, :e nil, :stream-id -2044747473, :closed? false, :channel-id "aeron:udp?endpoint=localhost:40200|term-length=4194304", :dst-task-id [#uuid "88307f72-11dd-161d-e4c4-a2fb15e42e20" :in]}, :status-pubs {}}
21-04-14 10:33:00 LYriCs-Air.local INFO [onyx.peer.coordinator:361] - Starting coordinator for job-id: 88307f72-11dd-161d-e4c4-a2fb15e42e20, piggybacking on peer: 8a16f6fe-e6ba-49a3-4e32-52437ad25aba.
21-04-14 10:33:00 LYriCs-Air.local INFO [onyx.messaging.aeron.endpoint-status:80] - Started endpoint status on peer: 51c770af-25e9-2bec-9426-5ce1dde909aa
21-04-14 10:33:00 LYriCs-Air.local INFO [onyx.messaging.aeron.publisher:199] - Starting publisher aeron:udp?endpoint=localhost:40200|term-length=524288
21-04-14 10:33:00 LYriCs-Air.local INFO [onyx.messaging.aeron.endpoint-status:80] - Started endpoint status on peer: 9d5d08f4-53ab-8962-3306-775403f5ece1
21-04-14 10:33:00 LYriCs-Air.local INFO [onyx.messaging.aeron.publisher:199] - Starting publisher aeron:udp?endpoint=localhost:40200|term-length=524288
21-04-14 10:33:00 LYriCs-Air.local INFO [onyx.messaging.aeron.endpoint-status:80] - Started endpoint status on peer: 5965509b-9824-e4f5-28f2-255da7f68e0a
21-04-14 10:33:00 LYriCs-Air.local INFO [onyx.messaging.aeron.publisher:199] - Starting publisher aeron:udp?endpoint=localhost:40200|term-length=524288
21-04-14 10:33:00 LYriCs-Air.local INFO [onyx.messaging.aeron.subscriber:66] - Available network image -289416643 0 :correlation-id 28 [[#uuid "88307f72-11dd-161d-e4c4-a2fb15e42e20" :split-sentence] -1 {:address "localhost", :port 40200}]
21-04-14 10:33:00 LYriCs-Air.local INFO [onyx.messaging.aeron.subscriber:66] - Available network image -289416641 0 :correlation-id 30 [[#uuid "88307f72-11dd-161d-e4c4-a2fb15e42e20" :out] -1 {:address "localhost", :port 40200}]
21-04-14 10:33:00 LYriCs-Air.local INFO [onyx.messaging.aeron.subscriber:66] - Available network image -289416642 0 :correlation-id 29 [[#uuid "88307f72-11dd-161d-e4c4-a2fb15e42e20" :count-words] 0 {:address "localhost", :port 40200}]
21-04-14 10:33:00 LYriCs-Air.local INFO [onyx.messaging.aeron.endpoint-status:80] - Started endpoint status on peer: [:coordinator #uuid "8a16f6fe-e6ba-49a3-4e32-52437ad25aba"]
21-04-14 10:33:00 LYriCs-Air.local INFO [onyx.messaging.aeron.subscriber:66] - Available network image -289416640 0 :correlation-id 34 [[#uuid "88307f72-11dd-161d-e4c4-a2fb15e42e20" :in] -1 {:address "localhost", :port 40200}]
21-04-14 10:33:00 LYriCs-Air.local INFO [onyx.messaging.aeron.publisher:199] - Starting publisher aeron:udp?endpoint=localhost:40200|term-length=524288
21-04-14 10:33:00 LYriCs-Air.local INFO [onyx.peer.task-lifecycle:444] - Job 88307f72-11dd-161d-e4c4-a2fb15e42e20 {:job-id #uuid "88307f72-11dd-161d-e4c4-a2fb15e42e20", :job-hash "67ae1d3196b3d7ad874d9a253cdeb9d9533ffd417a3257b97a416061132f5"} - Task {:id :in, :name :in, :ingress-tasks #{}, :egress-tasks-batch-sizes {:split-sentence 10}, :egress-tasks #{:split-sentence}} - Peer 51c770af-25e9-2bec-9426-5ce1dde909aa - Recover pipeline checkpoint: nil
21-04-14 10:33:00 LYriCs-Air.local INFO [onyx.peer.task-lifecycle:487] - Job 88307f72-11dd-161d-e4c4-a2fb15e42e20 {:job-id #uuid "88307f72-11dd-161d-e4c4-a2fb15e42e20", :job-hash "67ae1d3196b3d7ad874d9a253cdeb9d9533ffd417a3257b97a416061132f5"} - Task {:id :out, :name :out, :ingress-tasks #{:count-words}, :egress-tasks-batch-sizes {}, :egress-tasks #{}} - Peer 8a16f6fe-e6ba-49a3-4e32-52437ad25aba - Recover output pipeline checkpoint: nil
21-04-14 10:33:02 LYriCs-Air.local WARN [onyx.peer.task-lifecycle:177] - 
                              [37mjava.lang.Thread.run[m  [32m            Thread.java:  844[m
[37mjava.util.concurrent.ThreadPoolExecutor$Worker.run[m  [32mThreadPoolExecutor.java:  635[m
 [37mjava.util.concurrent.ThreadPoolExecutor.runWorker[m  [32mThreadPoolExecutor.java: 1135[m
                                               [37m...[m  [32m                             [m
                 [33mclojure.core.async/thread-call/[1;33mfn[m  [32m              async.clj:  441[m
 [33monyx.peer.task-lifecycle/start-task-lifecycle!/[1;33mfn[m  [32m     task_lifecycle.clj: 1155[m
      [33monyx.peer.task-lifecycle/[1;33mrun-task-lifecycle![m  [32m     task_lifecycle.clj:  550[m
    [33monyx.peer.task-lifecycle.TaskStateMachine/[1;33mexec[m  [32m     task_lifecycle.clj: 1070[m
         [33monyx.peer.task-lifecycle/[1;33mcheckpoint-state[m  [32m     task_lifecycle.clj:  247[m
    [33monyx.peer.task-lifecycle/[1;33mcheck-checkpointable![m  [32m     task_lifecycle.clj:  207[m
[1;31mclojure.lang.ExceptionInfo[m: [3mTask is not checkpointable, as the task onyx/n-peers is not set and :onyx/min-peers is not equal to :onyx/max-peers.[m
    [1mjob-id[m: #uuid "88307f72-11dd-161d-e4c4-a2fb15e42e20"
      [1mtask[m: :count-words
[1;31mclojure.lang.ExceptionInfo[m: [3mHandling uncaught exception thrown inside task lifecycle :lifecycle/checkpoint-state. Killing the job. -> Exception type: clojure.lang.ExceptionInfo. Exception message: Task is not checkpointable, as the task onyx/n-peers is not set and :onyx/min-peers is not equal to :onyx/max-peers.[m
       [1mjob-id[m: #uuid "88307f72-11dd-161d-e4c4-a2fb15e42e20"
     [1mmetadata[m: {:job-id #uuid "88307f72-11dd-161d-e4c4-a2fb15e42e20", :job-hash "67ae1d3196b3d7ad874d9a253cdeb9d9533ffd417a3257b97a416061132f5"}
      [1mpeer-id[m: #uuid "5965509b-9824-e4f5-28f2-255da7f68e0a"
         [1mtask[m: :count-words
    [1mtask-name[m: :count-words

21-04-14 10:33:03 LYriCs-Air.local INFO [onyx.log.zookeeper:192] - Stopping ZooKeeper client connection
21-04-14 10:33:03 LYriCs-Air.local INFO [onyx.peer.task-lifecycle:554] - Job 88307f72-11dd-161d-e4c4-a2fb15e42e20 {:job-id #uuid "88307f72-11dd-161d-e4c4-a2fb15e42e20", :job-hash "67ae1d3196b3d7ad874d9a253cdeb9d9533ffd417a3257b97a416061132f5"} - Task {:id :in, :name :in, :ingress-tasks #{}, :egress-tasks-batch-sizes {:split-sentence 10}, :egress-tasks #{:split-sentence}} - Peer 51c770af-25e9-2bec-9426-5ce1dde909aa - Fell out of task lifecycle loop
21-04-14 10:33:03 LYriCs-Air.local INFO [onyx.peer.task-lifecycle:1299] - Job 88307f72-11dd-161d-e4c4-a2fb15e42e20 {:job-id #uuid "88307f72-11dd-161d-e4c4-a2fb15e42e20", :job-hash "67ae1d3196b3d7ad874d9a253cdeb9d9533ffd417a3257b97a416061132f5"} - Task {:id :out, :name :out, :ingress-tasks #{:count-words}, :egress-tasks-batch-sizes {}, :egress-tasks #{}} - Peer 8a16f6fe-e6ba-49a3-4e32-52437ad25aba - Stopping task lifecycle.
21-04-14 10:33:03 LYriCs-Air.local INFO [onyx.peer.task-lifecycle:1299] - Job 88307f72-11dd-161d-e4c4-a2fb15e42e20 {:job-id #uuid "88307f72-11dd-161d-e4c4-a2fb15e42e20", :job-hash "67ae1d3196b3d7ad874d9a253cdeb9d9533ffd417a3257b97a416061132f5"} - Task {:id :count-words, :name :count-words, :ingress-tasks #{:split-sentence}, :egress-tasks-batch-sizes {:out 10}, :egress-tasks #{:out}} - Peer 5965509b-9824-e4f5-28f2-255da7f68e0a - Stopping task lifecycle.
21-04-14 10:33:03 LYriCs-Air.local INFO [onyx.peer.task-lifecycle:1299] - Job 88307f72-11dd-161d-e4c4-a2fb15e42e20 {:job-id #uuid "88307f72-11dd-161d-e4c4-a2fb15e42e20", :job-hash "67ae1d3196b3d7ad874d9a253cdeb9d9533ffd417a3257b97a416061132f5"} - Task {:id :in, :name :in, :ingress-tasks #{}, :egress-tasks-batch-sizes {:split-sentence 10}, :egress-tasks #{:split-sentence}} - Peer 51c770af-25e9-2bec-9426-5ce1dde909aa - Stopping task lifecycle.
21-04-14 10:33:03 LYriCs-Air.local INFO [onyx.peer.task-lifecycle:1299] - Job 88307f72-11dd-161d-e4c4-a2fb15e42e20 {:job-id #uuid "88307f72-11dd-161d-e4c4-a2fb15e42e20", :job-hash "67ae1d3196b3d7ad874d9a253cdeb9d9533ffd417a3257b97a416061132f5"} - Task {:id :split-sentence, :name :split-sentence, :ingress-tasks #{:in}, :egress-tasks-batch-sizes {:count-words 1000}, :egress-tasks #{:count-words}} - Peer 9d5d08f4-53ab-8962-3306-775403f5ece1 - Stopping task lifecycle.
21-04-14 10:33:03 LYriCs-Air.local INFO [onyx.peer.peer-group-manager:57] - Peer Group Action: ff333eed-166d-14c2-d673-bbeaa431e0ad :stop-task-lifecycle [#uuid "8a16f6fe-e6ba-49a3-4e32-52437ad25aba" 366149039371464 #object[clojure.core$future_call$reify__8454 0x4eb6ca98 {:status :pending, :val nil}]]
21-04-14 10:33:03 LYriCs-Air.local INFO [onyx.monitoring.metrics-monitoring:364] - 5965509b-9824-e4f5-28f2-255da7f68e0a Stopping Task Metrics Reporter. Stopped reporting to JMX.
21-04-14 10:33:03 LYriCs-Air.local INFO [onyx.monitoring.metrics-monitoring:364] - 8a16f6fe-e6ba-49a3-4e32-52437ad25aba Stopping Task Metrics Reporter. Stopped reporting to JMX.
21-04-14 10:33:03 LYriCs-Air.local INFO [onyx.monitoring.metrics-monitoring:364] - 9d5d08f4-53ab-8962-3306-775403f5ece1 Stopping Task Metrics Reporter. Stopped reporting to JMX.
21-04-14 10:33:03 LYriCs-Air.local INFO [onyx.monitoring.metrics-monitoring:364] - 51c770af-25e9-2bec-9426-5ce1dde909aa Stopping Task Metrics Reporter. Stopped reporting to JMX.
21-04-14 10:33:03 LYriCs-Air.local INFO [onyx.peer.coordinator:350] - Stopping coordinator on: 8a16f6fe-e6ba-49a3-4e32-52437ad25aba
21-04-14 10:33:03 LYriCs-Air.local INFO [onyx.peer.task-lifecycle:554] - Job 88307f72-11dd-161d-e4c4-a2fb15e42e20 {:job-id #uuid "88307f72-11dd-161d-e4c4-a2fb15e42e20", :job-hash "67ae1d3196b3d7ad874d9a253cdeb9d9533ffd417a3257b97a416061132f5"} - Task {:id :out, :name :out, :ingress-tasks #{:count-words}, :egress-tasks-batch-sizes {}, :egress-tasks #{}} - Peer 8a16f6fe-e6ba-49a3-4e32-52437ad25aba - Fell out of task lifecycle loop
21-04-14 10:33:03 LYriCs-Air.local INFO [onyx.peer.peer-group-manager:57] - Peer Group Action: ff333eed-166d-14c2-d673-bbeaa431e0ad :stop-task-lifecycle [#uuid "5965509b-9824-e4f5-28f2-255da7f68e0a" 366149039855496 #object[clojure.core$future_call$reify__8454 0x2a1322d7 {:status :pending, :val nil}]]
21-04-14 10:33:03 LYriCs-Air.local INFO [onyx.peer.peer-group-manager:57] - Peer Group Action: ff333eed-166d-14c2-d673-bbeaa431e0ad :stop-task-lifecycle [#uuid "9d5d08f4-53ab-8962-3306-775403f5ece1" 366149040076765 #object[clojure.core$future_call$reify__8454 0x7cbbea58 {:status :pending, :val nil}]]
21-04-14 10:33:03 LYriCs-Air.local INFO [onyx.messaging.aeron.publisher:204] - Stopping publisher {:session-id -289416640, :slot-id -1, :src-peer-id [:coordinator #uuid "8a16f6fe-e6ba-49a3-4e32-52437ad25aba"], :site {:address "localhost", :port 40200}, :job-id #uuid "88307f72-11dd-161d-e4c4-a2fb15e42e20", :pos 1056, :rv 5, :e 1, :stream-id -2044747473, :dst-channel "aeron:udp?endpoint=localhost:40200|term-length=4194304", :short-id 1, :ready? true, :dst-task-id [#uuid "88307f72-11dd-161d-e4c4-a2fb15e42e20" :in]}
21-04-14 10:33:03 LYriCs-Air.local INFO [onyx.peer.peer-group-manager:57] - Peer Group Action: ff333eed-166d-14c2-d673-bbeaa431e0ad :stop-task-lifecycle [#uuid "51c770af-25e9-2bec-9426-5ce1dde909aa" 366149040306070 #object[clojure.core$future_call$reify__8454 0x4704fdcb {:status :pending, :val nil}]]
21-04-14 10:33:03 LYriCs-Air.local INFO [onyx.messaging.aeron.endpoint-status:84] - Stopping endpoint status [[:coordinator #uuid "8a16f6fe-e6ba-49a3-4e32-52437ad25aba"]]
21-04-14 10:33:03 LYriCs-Air.local INFO [onyx.peer.task-lifecycle:1307] - Job 88307f72-11dd-161d-e4c4-a2fb15e42e20 {:job-id #uuid "88307f72-11dd-161d-e4c4-a2fb15e42e20", :job-hash "67ae1d3196b3d7ad874d9a253cdeb9d9533ffd417a3257b97a416061132f5"} - Task {:id :out, :name :out, :ingress-tasks #{:count-words}, :egress-tasks-batch-sizes {}, :egress-tasks #{}} - Peer 8a16f6fe-e6ba-49a3-4e32-52437ad25aba - Task received final state, shutting down task components.
21-04-14 10:33:03 LYriCs-Air.local INFO [onyx.peer.task-lifecycle:1307] - Job 88307f72-11dd-161d-e4c4-a2fb15e42e20 {:job-id #uuid "88307f72-11dd-161d-e4c4-a2fb15e42e20", :job-hash "67ae1d3196b3d7ad874d9a253cdeb9d9533ffd417a3257b97a416061132f5"} - Task {:id :count-words, :name :count-words, :ingress-tasks #{:split-sentence}, :egress-tasks-batch-sizes {:out 10}, :egress-tasks #{:out}} - Peer 5965509b-9824-e4f5-28f2-255da7f68e0a - Task received final state, shutting down task components.
21-04-14 10:33:03 LYriCs-Air.local INFO [onyx.peer.task-lifecycle:1307] - Job 88307f72-11dd-161d-e4c4-a2fb15e42e20 {:job-id #uuid "88307f72-11dd-161d-e4c4-a2fb15e42e20", :job-hash "67ae1d3196b3d7ad874d9a253cdeb9d9533ffd417a3257b97a416061132f5"} - Task {:id :in, :name :in, :ingress-tasks #{}, :egress-tasks-batch-sizes {:split-sentence 10}, :egress-tasks #{:split-sentence}} - Peer 51c770af-25e9-2bec-9426-5ce1dde909aa - Task received final state, shutting down task components.
21-04-14 10:33:03 LYriCs-Air.local INFO [onyx.peer.task-lifecycle:554] - Job 88307f72-11dd-161d-e4c4-a2fb15e42e20 {:job-id #uuid "88307f72-11dd-161d-e4c4-a2fb15e42e20", :job-hash "67ae1d3196b3d7ad874d9a253cdeb9d9533ffd417a3257b97a416061132f5"} - Task {:id :split-sentence, :name :split-sentence, :ingress-tasks #{:in}, :egress-tasks-batch-sizes {:count-words 1000}, :egress-tasks #{:count-words}} - Peer 9d5d08f4-53ab-8962-3306-775403f5ece1 - Fell out of task lifecycle loop
21-04-14 10:33:03 LYriCs-Air.local INFO [onyx.messaging.aeron.publisher:204] - Stopping publisher {:session-id -289416643, :slot-id -1, :src-peer-id #uuid "51c770af-25e9-2bec-9426-5ce1dde909aa", :site {:address "localhost", :port 40200}, :job-id #uuid "88307f72-11dd-161d-e4c4-a2fb15e42e20", :pos 1056, :rv 5, :e 1, :stream-id 989705518, :dst-channel "aeron:udp?endpoint=localhost:40200|term-length=4194304", :short-id 3, :ready? true, :dst-task-id [#uuid "88307f72-11dd-161d-e4c4-a2fb15e42e20" :split-sentence]}
21-04-14 10:33:03 LYriCs-Air.local INFO [onyx.messaging.aeron.publisher:204] - Stopping publisher {:session-id -289416641, :slot-id -1, :src-peer-id #uuid "5965509b-9824-e4f5-28f2-255da7f68e0a", :site {:address "localhost", :port 40200}, :job-id #uuid "88307f72-11dd-161d-e4c4-a2fb15e42e20", :pos 1024, :rv 5, :e 1, :stream-id -1574021390, :dst-channel "aeron:udp?endpoint=localhost:40200|term-length=4194304", :short-id 2, :ready? true, :dst-task-id [#uuid "88307f72-11dd-161d-e4c4-a2fb15e42e20" :out]}
21-04-14 10:33:03 LYriCs-Air.local INFO [onyx.messaging.aeron.subscriber:132] - Stopping subscriber [[#uuid "88307f72-11dd-161d-e4c4-a2fb15e42e20" :out] -1 {:address "localhost", :port 40200}] :registration-id 4
21-04-14 10:33:03 LYriCs-Air.local INFO [onyx.messaging.aeron.endpoint-status:84] - Stopping endpoint status [#uuid "51c770af-25e9-2bec-9426-5ce1dde909aa"]
21-04-14 10:33:03 LYriCs-Air.local INFO [onyx.peer.task-lifecycle:1307] - Job 88307f72-11dd-161d-e4c4-a2fb15e42e20 {:job-id #uuid "88307f72-11dd-161d-e4c4-a2fb15e42e20", :job-hash "67ae1d3196b3d7ad874d9a253cdeb9d9533ffd417a3257b97a416061132f5"} - Task {:id :split-sentence, :name :split-sentence, :ingress-tasks #{:in}, :egress-tasks-batch-sizes {:count-words 1000}, :egress-tasks #{:count-words}} - Peer 9d5d08f4-53ab-8962-3306-775403f5ece1 - Task received final state, shutting down task components.
21-04-14 10:33:03 LYriCs-Air.local INFO [onyx.messaging.aeron.endpoint-status:84] - Stopping endpoint status [#uuid "5965509b-9824-e4f5-28f2-255da7f68e0a"]
21-04-14 10:33:03 LYriCs-Air.local INFO [onyx.messaging.aeron.subscriber:60] - Unavailable network image -289416641 1024 :correlation-id 30 [[#uuid "88307f72-11dd-161d-e4c4-a2fb15e42e20" :out] -1 {:address "localhost", :port 40200}]
21-04-14 10:33:03 LYriCs-Air.local INFO [onyx.messaging.aeron.publisher:204] - Stopping publisher {:session-id -289416642, :slot-id 0, :src-peer-id #uuid "9d5d08f4-53ab-8962-3306-775403f5ece1", :site {:address "localhost", :port 40200}, :job-id #uuid "88307f72-11dd-161d-e4c4-a2fb15e42e20", :pos 1056, :rv 5, :e 1, :stream-id 325887104, :dst-channel "aeron:udp?endpoint=localhost:40200|term-length=4194304", :short-id 0, :ready? true, :dst-task-id [#uuid "88307f72-11dd-161d-e4c4-a2fb15e42e20" :count-words]}
21-04-14 10:33:03 LYriCs-Air.local INFO [onyx.messaging.aeron.endpoint-status:84] - Stopping endpoint status [#uuid "9d5d08f4-53ab-8962-3306-775403f5ece1"]
21-04-14 10:33:03 LYriCs-Air.local INFO [onyx.messaging.aeron.status-publisher:51] - Closing status pub {:completed? false, :src-peer-id #uuid "8a16f6fe-e6ba-49a3-4e32-52437ad25aba", :site {:address "localhost", :port 40200}, :blocked? false, :pos 4672, :type :status-publisher, :stream-id 0, :checkpoint? false, :dst-channel "aeron:udp?endpoint=localhost:40200|term-length=4194304", :dst-peer-id #uuid "5965509b-9824-e4f5-28f2-255da7f68e0a", :dst-session-id -289416644, :short-id 2, :status-session-id -289416641}
21-04-14 10:33:03 LYriCs-Air.local INFO [onyx.messaging.aeron.subscriber:132] - Stopping subscriber [[#uuid "88307f72-11dd-161d-e4c4-a2fb15e42e20" :count-words] 0 {:address "localhost", :port 40200}] :registration-id 5
21-04-14 10:33:03 LYriCs-Air.local INFO [onyx.messaging.aeron.subscriber:132] - Stopping subscriber [[#uuid "88307f72-11dd-161d-e4c4-a2fb15e42e20" :in] -1 {:address "localhost", :port 40200}] :registration-id 7
21-04-14 10:33:03 LYriCs-Air.local INFO [onyx.messaging.aeron.subscriber:132] - Stopping subscriber [[#uuid "88307f72-11dd-161d-e4c4-a2fb15e42e20" :split-sentence] -1 {:address "localhost", :port 40200}] :registration-id 6
21-04-14 10:33:03 LYriCs-Air.local INFO [onyx.peer.coordinator:190] - Stopped coordinator piggybacked on: 8a16f6fe-e6ba-49a3-4e32-52437ad25aba
21-04-14 10:33:03 LYriCs-Air.local INFO [onyx.messaging.aeron.subscriber:60] - Unavailable network image -289416640 1056 :correlation-id 34 [[#uuid "88307f72-11dd-161d-e4c4-a2fb15e42e20" :in] -1 {:address "localhost", :port 40200}]
21-04-14 10:33:03 LYriCs-Air.local INFO [onyx.messaging.aeron.subscriber:60] - Unavailable network image -289416642 1056 :correlation-id 29 [[#uuid "88307f72-11dd-161d-e4c4-a2fb15e42e20" :count-words] 0 {:address "localhost", :port 40200}]
21-04-14 10:33:03 LYriCs-Air.local INFO [onyx.messaging.aeron.subscriber:60] - Unavailable network image -289416643 1056 :correlation-id 28 [[#uuid "88307f72-11dd-161d-e4c4-a2fb15e42e20" :split-sentence] -1 {:address "localhost", :port 40200}]
21-04-14 10:33:03 LYriCs-Air.local INFO [onyx.messaging.aeron.status-publisher:51] - Closing status pub {:completed? true, :src-peer-id #uuid "9d5d08f4-53ab-8962-3306-775403f5ece1", :site {:address "localhost", :port 40200}, :blocked? false, :pos 4672, :type :status-publisher, :stream-id 0, :checkpoint? true, :dst-channel "aeron:udp?endpoint=localhost:40200|term-length=4194304", :dst-peer-id #uuid "51c770af-25e9-2bec-9426-5ce1dde909aa", :dst-session-id -289416644, :short-id 3, :status-session-id -289416643}
21-04-14 10:33:03 LYriCs-Air.local INFO [onyx.messaging.aeron.status-publisher:51] - Closing status pub {:completed? true, :src-peer-id #uuid "51c770af-25e9-2bec-9426-5ce1dde909aa", :site {:address "localhost", :port 40200}, :blocked? false, :pos 4672, :type :status-publisher, :stream-id 0, :checkpoint? true, :dst-channel "aeron:udp?endpoint=localhost:40200|term-length=4194304", :dst-peer-id [:coordinator #uuid "8a16f6fe-e6ba-49a3-4e32-52437ad25aba"], :dst-session-id -289416644, :short-id 1, :status-session-id -289416640}
21-04-14 10:33:03 LYriCs-Air.local INFO [onyx.messaging.aeron.status-publisher:51] - Closing status pub {:completed? true, :src-peer-id #uuid "5965509b-9824-e4f5-28f2-255da7f68e0a", :site {:address "localhost", :port 40200}, :blocked? true, :pos 4672, :type :status-publisher, :stream-id 0, :checkpoint? true, :dst-channel "aeron:udp?endpoint=localhost:40200|term-length=4194304", :dst-peer-id #uuid "9d5d08f4-53ab-8962-3306-775403f5ece1", :dst-session-id -289416644, :short-id 0, :status-session-id -289416642}
21-04-14 10:33:03 LYriCs-Air.local INFO [onyx.peer.peer-group-manager:57] - Peer Group Action: ff333eed-166d-14c2-d673-bbeaa431e0ad :remove-peer 80469ad6-bf74-fcde-0c57-35b4d9a4fe2b
21-04-14 10:33:03 LYriCs-Air.local INFO [onyx.peer.peer-group-manager:57] - Peer Group Action: ff333eed-166d-14c2-d673-bbeaa431e0ad :stop-peer 80469ad6-bf74-fcde-0c57-35b4d9a4fe2b
21-04-14 10:33:03 LYriCs-Air.local INFO [onyx.peer.virtual-peer:50] - Stopping Virtual Peer 8a16f6fe-e6ba-49a3-4e32-52437ad25aba
21-04-14 10:33:03 LYriCs-Air.local INFO [onyx.peer.peer-group-manager:57] - Peer Group Action: ff333eed-166d-14c2-d673-bbeaa431e0ad :stop-peer-group nil
21-04-14 10:33:03 LYriCs-Air.local INFO [onyx.peer.peer-group-manager:57] - Peer Group Action: ff333eed-166d-14c2-d673-bbeaa431e0ad :stop-all-peers nil
21-04-14 10:33:03 LYriCs-Air.local INFO [onyx.peer.peer-group-manager:57] - Peer Group Action: ff333eed-166d-14c2-d673-bbeaa431e0ad :stop-peer 34bd8269-4c10-aa44-e60a-87fa8915456a
21-04-14 10:33:03 LYriCs-Air.local INFO [onyx.peer.virtual-peer:50] - Stopping Virtual Peer 5965509b-9824-e4f5-28f2-255da7f68e0a
21-04-14 10:33:03 LYriCs-Air.local INFO [onyx.peer.peer-group-manager:57] - Peer Group Action: ff333eed-166d-14c2-d673-bbeaa431e0ad :stop-peer c4320042-1d27-064f-1d28-92978b373d2c
21-04-14 10:33:03 LYriCs-Air.local INFO [onyx.peer.virtual-peer:50] - Stopping Virtual Peer 9d5d08f4-53ab-8962-3306-775403f5ece1
21-04-14 10:33:03 LYriCs-Air.local INFO [onyx.peer.peer-group-manager:57] - Peer Group Action: ff333eed-166d-14c2-d673-bbeaa431e0ad :stop-peer e86740b0-82ac-832c-eb81-404bb8d7418c
21-04-14 10:33:03 LYriCs-Air.local INFO [onyx.peer.virtual-peer:50] - Stopping Virtual Peer 51c770af-25e9-2bec-9426-5ce1dde909aa
21-04-14 10:33:03 LYriCs-Air.local INFO [onyx.peer.peer-group-manager:57] - Peer Group Action: ff333eed-166d-14c2-d673-bbeaa431e0ad :send-to-outbox {:fn :group-leave-cluster, :args {:id #uuid "ff333eed-166d-14c2-d673-bbeaa431e0ad"}, :peer-parent #uuid "ff333eed-166d-14c2-d673-bbeaa431e0ad"}
21-04-14 10:33:03 LYriCs-Air.local INFO [onyx.peer.peer-group-manager:57] - Peer Group Action: ff333eed-166d-14c2-d673-bbeaa431e0ad :stop-communicator nil
21-04-14 10:33:03 LYriCs-Air.local INFO [onyx.static.logging-configuration:38] - Stopping Logging Configuration
21-04-14 10:33:03 LYriCs-Air.local INFO [onyx.peer.communicator:75] - Stopping Replica Subscription
21-04-14 10:33:03 LYriCs-Air.local INFO [onyx.peer.communicator:54] - Stopping Log Writer
21-04-14 10:33:03 LYriCs-Air.local INFO [onyx.log.zookeeper:192] - Stopping ZooKeeper client connection
21-04-14 10:33:03 LYriCs-Air.local INFO [onyx.peer.peer-group-manager:405] - Dropping out of Peer Group Manager loop
21-04-14 10:33:03 LYriCs-Air.local INFO [onyx.monitoring.metrics-monitoring:188] - Stopping Metrics Reporting to JMX.
21-04-14 10:33:03 LYriCs-Air.local INFO [onyx.messaging.aeron.messaging-group:61] - Stopping Aeron Peer Group
21-04-14 10:33:03 LYriCs-Air.local INFO [onyx.messaging.aeron.embedded-media-driver:41] - Stopping media driver
21-04-14 10:33:03 LYriCs-Air.local INFO [onyx.static.logging-configuration:38] - Stopping Logging Configuration
21-04-14 10:33:03 LYriCs-Air.local INFO [onyx.log.zookeeper:192] - Stopping ZooKeeper server
21-04-14 10:33:03 LYriCs-Air.local INFO [onyx.static.logging-configuration:38] - Stopping Logging Configuration
21-04-14 10:34:03 LYriCs-Air.local INFO [onyx.messaging.aeron.embedded-media-driver:10] - Couldn't delete aeron media dir. May have been already deleted by shutdown hook. java.nio.file.NoSuchFileException: /var/folders/z4/vjb8q8t96570x7cs6m226xf00000gn/T/aeron-lyc
